生成启动时间为 2013/6/7 20:27:22。
     1>项目“C:\Users\WangD\documents\visual studio 2012\Projects\WifiToCom\WTC_Srv\WTC_Srv.vcxproj”在节点 2 上(Build 个目标)。
     1>ClCompile:
         C:\Program Files (x86)\Microsoft Visual Studio 11.0\VC\bin\CL.exe /c /ZI /nologo /W3 /WX- /sdl /Od /Oy- /D WIN32 /D _WINDOWS /D _DEBUG /D _MBCS /Gm /EHsc /RTC1 /MT /GS /fp:precise /Zc:wchar_t /Zc:forScope /Yc"stdafx.h" /Fp"Debug\WTC_Srv.pch" /Fo"Debug\\" /Fd"Debug\vc110.pdb" /Gd /TP /analyze- /errorReport:prompt stdafx.cpp
         stdafx.cpp
         C:\Program Files (x86)\Microsoft Visual Studio 11.0\VC\bin\CL.exe /c /ZI /nologo /W3 /WX- /sdl /Od /Oy- /D WIN32 /D _WINDOWS /D _DEBUG /D _MBCS /Gm /EHsc /RTC1 /MT /GS /fp:precise /Zc:wchar_t /Zc:forScope /Yu"stdafx.h" /Fp"Debug\WTC_Srv.pch" /Fo"Debug\\" /Fd"Debug\vc110.pdb" /Gd /TP /analyze- /errorReport:prompt config.cpp WTC_Srv.cpp WTC_SrvDlg.cpp
         WTC_SrvDlg.cpp
         WTC_Srv.cpp
         config.cpp
         正在生成代码...
       ResourceCompile:
         C:\Program Files (x86)\Windows Kits\8.0\bin\x86\rc.exe /D _DEBUG /l"0x0804" /IDebug\ /nologo /fo"Debug\WTC_Srv.res" WTC_Srv.rc 
       Link:
         C:\Program Files (x86)\Microsoft Visual Studio 11.0\VC\bin\link.exe /ERRORREPORT:PROMPT /OUT:"C:\Users\WangD\documents\visual studio 2012\Projects\WifiToCom\Debug\WTC_Srv.exe" /INCREMENTAL /NOLOGO /NODEFAULTLIB:LIBCMT.lib /MANIFEST /MANIFESTUAC:"level='asInvoker' uiAccess='false'" /manifest:embed /manifestinput:"C:\Program Files (x86)\Microsoft Visual Studio 11.0\VC\Include\Manifest\dpiaware.manifest" /DEBUG /PDB:"C:\Users\WangD\documents\visual studio 2012\Projects\WifiToCom\Debug\WTC_Srv.pdb" /SUBSYSTEM:WINDOWS /TLBID:1 /DYNAMICBASE /NXCOMPAT /IMPLIB:"C:\Users\WangD\documents\visual studio 2012\Projects\WifiToCom\Debug\WTC_Srv.lib" /MACHINE:X86 Debug\WTC_Srv.res
         Debug\config.obj
         Debug\stdafx.obj
         Debug\WTC_Srv.obj
         Debug\WTC_SrvDlg.obj
         WTC_Srv.vcxproj -> C:\Users\WangD\documents\visual studio 2012\Projects\WifiToCom\Debug\WTC_Srv.exe
     1>已完成生成项目“C:\Users\WangD\documents\visual studio 2012\Projects\WifiToCom\WTC_Srv\WTC_Srv.vcxproj”(Build 个目标)的操作。

生成成功。

已用时间 00:00:19.39
