C:\USERS\WANGD\DOCUMENTS\VISUAL STUDIO 2012\PROJECTS\WIFITOCOM\WTC_SRV\DEBUG\WTC_SRV.PCH
C:\USERS\WANGD\DOCUMENTS\VISUAL STUDIO 2012\PROJECTS\WIFITOCOM\WTC_SRV\DEBUG\STDAFX.OBJ
C:\USERS\WANGD\DOCUMENTS\VISUAL STUDIO 2012\PROJECTS\WIFITOCOM\WTC_SRV\DEBUG\VC110.PDB
C:\USERS\WANGD\DOCUMENTS\VISUAL STUDIO 2012\PROJECTS\WIFITOCOM\WTC_SRV\DEBUG\CONFIG.OBJ
C:\USERS\WANGD\DOCUMENTS\VISUAL STUDIO 2012\PROJECTS\WIFITOCOM\WTC_SRV\DEBUG\WTC_SRV.OBJ
C:\USERS\WANGD\DOCUMENTS\VISUAL STUDIO 2012\PROJECTS\WIFITOCOM\WTC_SRV\DEBUG\WTC_SRVDLG.OBJ
C:\USERS\WANGD\DOCUMENTS\VISUAL STUDIO 2012\PROJECTS\WIFITOCOM\DEBUG\WTC_SRV.ILK
C:\USERS\WANGD\DOCUMENTS\VISUAL STUDIO 2012\PROJECTS\WIFITOCOM\DEBUG\WTC_SRV.EXE
C:\USERS\WANGD\DOCUMENTS\VISUAL STUDIO 2012\PROJECTS\WIFITOCOM\DEBUG\WTC_SRV.PDB
C:\USERS\WANGD\DOCUMENTS\VISUAL STUDIO 2012\PROJECTS\WIFITOCOM\WTC_SRV\DEBUG\WTC_SRV.RES
C:\Users\WangD\documents\visual studio 2012\Projects\WifiToCom\WTC_Srv\Debug\config.obj
C:\Users\WangD\documents\visual studio 2012\Projects\WifiToCom\WTC_Srv\Debug\stdafx.obj
C:\Users\WangD\documents\visual studio 2012\Projects\WifiToCom\WTC_Srv\Debug\WTC_Srv.obj
C:\Users\WangD\documents\visual studio 2012\Projects\WifiToCom\WTC_Srv\Debug\WTC_SrvDlg.obj
C:\Users\WangD\documents\visual studio 2012\Projects\WifiToCom\WTC_Srv\Debug\cl.command.1.tlog
C:\Users\WangD\documents\visual studio 2012\Projects\WifiToCom\WTC_Srv\Debug\CL.read.1.tlog
C:\Users\WangD\documents\visual studio 2012\Projects\WifiToCom\WTC_Srv\Debug\CL.write.1.tlog
C:\Users\WangD\documents\visual studio 2012\Projects\WifiToCom\WTC_Srv\Debug\link-cvtres.read.1.tlog
C:\Users\WangD\documents\visual studio 2012\Projects\WifiToCom\WTC_Srv\Debug\link-cvtres.write.1.tlog
C:\Users\WangD\documents\visual studio 2012\Projects\WifiToCom\WTC_Srv\Debug\link-mt.read.1.tlog
C:\Users\WangD\documents\visual studio 2012\Projects\WifiToCom\WTC_Srv\Debug\link-mt.write.1.tlog
C:\Users\WangD\documents\visual studio 2012\Projects\WifiToCom\WTC_Srv\Debug\link-rc.read.1.tlog
C:\Users\WangD\documents\visual studio 2012\Projects\WifiToCom\WTC_Srv\Debug\link-rc.write.1.tlog
C:\Users\WangD\documents\visual studio 2012\Projects\WifiToCom\WTC_Srv\Debug\link.4204-cvtres.read.1.tlog
C:\Users\WangD\documents\visual studio 2012\Projects\WifiToCom\WTC_Srv\Debug\link.4204-cvtres.write.1.tlog
C:\Users\WangD\documents\visual studio 2012\Projects\WifiToCom\WTC_Srv\Debug\link.4204-mt.read.1.tlog
C:\Users\WangD\documents\visual studio 2012\Projects\WifiToCom\WTC_Srv\Debug\link.4204-mt.write.1.tlog
C:\Users\WangD\documents\visual studio 2012\Projects\WifiToCom\WTC_Srv\Debug\link.4204-rc.read.1.tlog
C:\Users\WangD\documents\visual studio 2012\Projects\WifiToCom\WTC_Srv\Debug\link.4204-rc.write.1.tlog
C:\Users\WangD\documents\visual studio 2012\Projects\WifiToCom\WTC_Srv\Debug\link.4204.read.1.tlog
C:\Users\WangD\documents\visual studio 2012\Projects\WifiToCom\WTC_Srv\Debug\link.4204.write.1.tlog
C:\Users\WangD\documents\visual studio 2012\Projects\WifiToCom\WTC_Srv\Debug\link.command.1.tlog
C:\Users\WangD\documents\visual studio 2012\Projects\WifiToCom\WTC_Srv\Debug\link.read.1.tlog
C:\Users\WangD\documents\visual studio 2012\Projects\WifiToCom\WTC_Srv\Debug\link.write.1.tlog
C:\Users\WangD\documents\visual studio 2012\Projects\WifiToCom\WTC_Srv\Debug\rc.command.1.tlog
C:\Users\WangD\documents\visual studio 2012\Projects\WifiToCom\WTC_Srv\Debug\rc.read.1.tlog
C:\Users\WangD\documents\visual studio 2012\Projects\WifiToCom\WTC_Srv\Debug\rc.write.1.tlog
C:\Users\WangD\documents\visual studio 2012\Projects\WifiToCom\WTC_Srv\Debug\WTC_Srv.res
C:\Users\WangD\documents\visual studio 2012\Projects\WifiToCom\WTC_Srv\Debug\WTC_Srv.pch
C:\Users\WangD\documents\visual studio 2012\Projects\WifiToCom\WTC_Srv\Debug\vc110.idb
C:\Users\WangD\documents\visual studio 2012\Projects\WifiToCom\WTC_Srv\Debug\vc110.pdb
C:\Users\WangD\documents\visual studio 2012\Projects\WifiToCom\Debug\WTC_Srv.pdb
C:\Users\WangD\documents\visual studio 2012\Projects\WifiToCom\Debug\WTC_Srv.exe
C:\Users\WangD\documents\visual studio 2012\Projects\WifiToCom\Debug\WTC_Srv.ilk
